<?xml version="1.0" encoding="UTF-8"?>
<testsuites name="PurchasedItems" time="137.779" tests="2" failures="0" errors="0">
   <testsuite name="PurchasedItems" tests="2" failures="0" errors="0" time="137.779" skipped="0" timestamp="21-08-2024T22:55:00" hostname="aotir - DESKTOP-P1HQTDN" id="Test Suites/PurchasedItems">
      <properties>
         <property name="deviceName" value=""/>
         <property name="devicePlatform"/>
         <property name="logFolder" value="C:\\Users\\aotir\\git\\demoBlaze\\Reports\\20240821_225409\\PurchasedItems\\20240821_225419"/>
         <property name="logFiles" value="C:\\Users\\aotir\\git\\demoBlaze\\Reports\\20240821_225409\\PurchasedItems\\20240821_225419\\execution0.log"/>
         <property name="attachments" value=""/>
         <property name="hostName" value="aotir - DESKTOP-P1HQTDN"/>
         <property name="os" value="Windows 11 64bit"/>
         <property name="katalonVersion" value="9.5.0.217"/>
         <property name="browser" value="Chrome 127.0.0.0"/>
         <property name="hostAddress" value="192.168.5.2"/>
         <property name="sessionId" value="68565c9ec16afbfa322f12c700bf639d"/>
         <property name="seleniumVersion" value="3.141.59"/>
         <property name="proxyInformation" value="ProxyInformation { proxyOption=NO_PROXY, proxyServerType=HTTP, username=, password=********, proxyServerAddress=, proxyServerPort=0, executionList=&quot;&quot;, isApplyToDesiredCapabilities=true }"/>
         <property name="platform" value="Windows 11"/>
      </properties>
      <testcase name="Test Cases/PurchaseItems" time="71.936" classname="Test Cases/PurchaseItems" status="PASSED">
         <system-out><![CDATA[21-08-2024T22:55:02 - [TEST_CASE][PASSED] - Test Cases/PurchaseItems: Test Cases/PurchaseItems

21-08-2024T22:55:04 - [TEST_STEP][PASSED] - openBrowser(""): Browser is opened with url: ''

21-08-2024T22:55:09 - [MESSAGE][INFO] - Starting 'Chrome' driver

21-08-2024T22:55:09 - [MESSAGE][INFO] - Action delay is set to 0 milliseconds

21-08-2024T22:55:18 - [MESSAGE][PASSED] - Browser is opened with url: ''

21-08-2024T22:55:18 - [TEST_STEP][PASSED] - navigateToUrl("https://www.demoblaze.com/"): Navigate to 'https://www.demoblaze.com/' successfully

21-08-2024T22:55:24 - [MESSAGE][PASSED] - Navigate to 'https://www.demoblaze.com/' successfully

21-08-2024T22:55:24 - [TEST_STEP][PASSED] - click(findTestObject("Object Repository/PurchaseItems/Page_STORE/a_Samsung galaxy s6")): Object: 'Object Repository/PurchaseItems/Page_STORE/a_Samsung galaxy s6' is clicked on

21-08-2024T22:55:30 - [MESSAGE][PASSED] - Object: 'Object Repository/PurchaseItems/Page_STORE/a_Samsung galaxy s6' is clicked on

21-08-2024T22:55:30 - [TEST_STEP][PASSED] - click(findTestObject("Object Repository/PurchaseItems/Page_STORE/a_Add to cart")): Object: 'Object Repository/PurchaseItems/Page_STORE/a_Add to cart' is clicked on

21-08-2024T22:55:34 - [MESSAGE][PASSED] - Object: 'Object Repository/PurchaseItems/Page_STORE/a_Add to cart' is clicked on

21-08-2024T22:55:34 - [TEST_STEP][PASSED] - click(findTestObject("Object Repository/PurchaseItems/Page_STORE/a_Home (current)")): Object: 'Object Repository/PurchaseItems/Page_STORE/a_Home (current)' is clicked on

21-08-2024T22:55:38 - [MESSAGE][PASSED] - Object: 'Object Repository/PurchaseItems/Page_STORE/a_Home (current)' is clicked on

21-08-2024T22:55:38 - [TEST_STEP][PASSED] - click(findTestObject("Object Repository/PurchaseItems/Page_STORE/a_Sony vaio i5")): Object: 'Object Repository/PurchaseItems/Page_STORE/a_Sony vaio i5' is clicked on

21-08-2024T22:55:42 - [MESSAGE][PASSED] - Object: 'Object Repository/PurchaseItems/Page_STORE/a_Sony vaio i5' is clicked on

21-08-2024T22:55:42 - [TEST_STEP][PASSED] - click(findTestObject("Object Repository/PurchaseItems/Page_STORE/a_Add to cart")): Object: 'Object Repository/PurchaseItems/Page_STORE/a_Add to cart' is clicked on

21-08-2024T22:55:43 - [MESSAGE][PASSED] - Object: 'Object Repository/PurchaseItems/Page_STORE/a_Add to cart' is clicked on

21-08-2024T22:55:43 - [TEST_STEP][PASSED] - click(findTestObject("Object Repository/PurchaseItems/Page_STORE/a_Home (current)")): Object: 'Object Repository/PurchaseItems/Page_STORE/a_Home (current)' is clicked on

21-08-2024T22:55:45 - [MESSAGE][PASSED] - Object: 'Object Repository/PurchaseItems/Page_STORE/a_Home (current)' is clicked on

21-08-2024T22:55:45 - [TEST_STEP][PASSED] - click(findTestObject("Object Repository/PurchaseItems/Page_STORE/button_Next")): Object: 'Object Repository/PurchaseItems/Page_STORE/button_Next' is clicked on

21-08-2024T22:55:46 - [MESSAGE][PASSED] - Object: 'Object Repository/PurchaseItems/Page_STORE/button_Next' is clicked on

21-08-2024T22:55:46 - [TEST_STEP][PASSED] - click(findTestObject("Object Repository/PurchaseItems/Page_STORE/a_Dell i7 8gb")): Object: 'Object Repository/PurchaseItems/Page_STORE/a_Dell i7 8gb' is clicked on

21-08-2024T22:55:50 - [MESSAGE][PASSED] - Object: 'Object Repository/PurchaseItems/Page_STORE/a_Dell i7 8gb' is clicked on

21-08-2024T22:55:50 - [TEST_STEP][PASSED] - click(findTestObject("Object Repository/PurchaseItems/Page_STORE/a_Add to cart")): Object: 'Object Repository/PurchaseItems/Page_STORE/a_Add to cart' is clicked on

21-08-2024T22:55:53 - [MESSAGE][PASSED] - Object: 'Object Repository/PurchaseItems/Page_STORE/a_Add to cart' is clicked on

21-08-2024T22:55:53 - [TEST_STEP][PASSED] - click(findTestObject("Object Repository/PurchaseItems/Page_STORE/a_Cart")): Object: 'Object Repository/PurchaseItems/Page_STORE/a_Cart' is clicked on

21-08-2024T22:55:57 - [MESSAGE][PASSED] - Object: 'Object Repository/PurchaseItems/Page_STORE/a_Cart' is clicked on

21-08-2024T22:55:57 - [TEST_STEP][PASSED] - click(findTestObject("Object Repository/PurchaseItems/Page_STORE/button_Place Order")): Object: 'Object Repository/PurchaseItems/Page_STORE/button_Place Order' is clicked on

21-08-2024T22:55:59 - [MESSAGE][PASSED] - Object: 'Object Repository/PurchaseItems/Page_STORE/button_Place Order' is clicked on

21-08-2024T22:55:59 - [TEST_STEP][PASSED] - setText(findTestObject("Object Repository/PurchaseItems/Page_STORE/input_Name_name"), "sneha"): Text 'sneha' is set on object 'Object Repository/PurchaseItems/Page_STORE/input_Name_name'

21-08-2024T22:56:01 - [MESSAGE][PASSED] - Text 'sneha' is set on object 'Object Repository/PurchaseItems/Page_STORE/input_Name_name'

21-08-2024T22:56:01 - [TEST_STEP][PASSED] - setText(findTestObject("Object Repository/PurchaseItems/Page_STORE/input_Country_country"), "india"): Text 'india' is set on object 'Object Repository/PurchaseItems/Page_STORE/input_Country_country'

21-08-2024T22:56:03 - [MESSAGE][PASSED] - Text 'india' is set on object 'Object Repository/PurchaseItems/Page_STORE/input_Country_country'

21-08-2024T22:56:03 - [TEST_STEP][PASSED] - setText(findTestObject("Object Repository/PurchaseItems/Page_STORE/input_City_city"), "Trivian"): Text 'Trivian' is set on object 'Object Repository/PurchaseItems/Page_STORE/input_City_city'

21-08-2024T22:56:04 - [MESSAGE][PASSED] - Text 'Trivian' is set on object 'Object Repository/PurchaseItems/Page_STORE/input_City_city'

21-08-2024T22:56:04 - [TEST_STEP][PASSED] - setText(findTestObject("Object Repository/PurchaseItems/Page_STORE/input_Credit card_card"), "123456789"): Text '123456789' is set on object 'Object Repository/PurchaseItems/Page_STORE/input_Credit card_card'

21-08-2024T22:56:06 - [MESSAGE][PASSED] - Text '123456789' is set on object 'Object Repository/PurchaseItems/Page_STORE/input_Credit card_card'

21-08-2024T22:56:06 - [TEST_STEP][PASSED] - setText(findTestObject("Object Repository/PurchaseItems/Page_STORE/input_Month_month"), "June"): Text 'June' is set on object 'Object Repository/PurchaseItems/Page_STORE/input_Month_month'

21-08-2024T22:56:08 - [MESSAGE][PASSED] - Text 'June' is set on object 'Object Repository/PurchaseItems/Page_STORE/input_Month_month'

21-08-2024T22:56:08 - [TEST_STEP][PASSED] - setText(findTestObject("Object Repository/PurchaseItems/Page_STORE/input_Year_year"), "2024"): Text '2024' is set on object 'Object Repository/PurchaseItems/Page_STORE/input_Year_year'

21-08-2024T22:56:09 - [MESSAGE][PASSED] - Text '2024' is set on object 'Object Repository/PurchaseItems/Page_STORE/input_Year_year'

21-08-2024T22:56:09 - [TEST_STEP][PASSED] - click(findTestObject("Object Repository/PurchaseItems/Page_STORE/button_Purchase")): Object: 'Object Repository/PurchaseItems/Page_STORE/button_Purchase' is clicked on

21-08-2024T22:56:09 - [MESSAGE][PASSED] - Object: 'Object Repository/PurchaseItems/Page_STORE/button_Purchase' is clicked on

21-08-2024T22:56:09 - [TEST_STEP][PASSED] - click(findTestObject("Object Repository/PurchaseItems/Page_STORE/button_OK")): Object: 'Object Repository/PurchaseItems/Page_STORE/button_OK' is clicked on

21-08-2024T22:56:13 - [MESSAGE][PASSED] - Object: 'Object Repository/PurchaseItems/Page_STORE/button_OK' is clicked on

21-08-2024T22:56:13 - [TEST_STEP][PASSED] - closeBrowser(): Browser is closed

21-08-2024T22:56:14 - [MESSAGE][PASSED] - Browser is closed]]></system-out>
         <system-err><![CDATA[]]></system-err>
      </testcase>
      <testcase name="Test Cases/PurchaseItemsWithoutFillTheForm" time="64.192" classname="Test Cases/PurchaseItemsWithoutFillTheForm" status="PASSED">
         <system-out><![CDATA[21-08-2024T22:56:14 - [TEST_CASE][PASSED] - Test Cases/PurchaseItemsWithoutFillTheForm: Test Cases/PurchaseItemsWithoutFillTheForm

21-08-2024T22:56:14 - [TEST_STEP][PASSED] - openBrowser(""): Browser is opened with url: ''

21-08-2024T22:56:14 - [MESSAGE][INFO] - Starting 'Chrome' driver

21-08-2024T22:56:14 - [MESSAGE][INFO] - Action delay is set to 0 milliseconds

21-08-2024T22:56:15 - [MESSAGE][PASSED] - Browser is opened with url: ''

21-08-2024T22:56:15 - [TEST_STEP][PASSED] - navigateToUrl("https://www.demoblaze.com/"): Navigate to 'https://www.demoblaze.com/' successfully

21-08-2024T22:56:57 - [MESSAGE][PASSED] - Navigate to 'https://www.demoblaze.com/' successfully

21-08-2024T22:56:57 - [TEST_STEP][PASSED] - click(findTestObject("Object Repository/PurchaseWithoutFillTheForm/Page_STORE/a_HTC One M9")): Object: 'Object Repository/PurchaseWithoutFillTheForm/Page_STORE/a_HTC One M9' is clicked on

21-08-2024T22:57:02 - [MESSAGE][PASSED] - Object: 'Object Repository/PurchaseWithoutFillTheForm/Page_STORE/a_HTC One M9' is clicked on

21-08-2024T22:57:02 - [TEST_STEP][PASSED] - click(findTestObject("Object Repository/PurchaseWithoutFillTheForm/Page_STORE/a_Add to cart")): Object: 'Object Repository/PurchaseWithoutFillTheForm/Page_STORE/a_Add to cart' is clicked on

21-08-2024T22:57:03 - [MESSAGE][PASSED] - Object: 'Object Repository/PurchaseWithoutFillTheForm/Page_STORE/a_Add to cart' is clicked on

21-08-2024T22:57:03 - [TEST_STEP][PASSED] - click(findTestObject("Object Repository/PurchaseWithoutFillTheForm/Page_STORE/a_Home (current)")): Object: 'Object Repository/PurchaseWithoutFillTheForm/Page_STORE/a_Home (current)' is clicked on

21-08-2024T22:57:05 - [MESSAGE][PASSED] - Object: 'Object Repository/PurchaseWithoutFillTheForm/Page_STORE/a_Home (current)' is clicked on

21-08-2024T22:57:05 - [TEST_STEP][PASSED] - click(findTestObject("Object Repository/PurchaseWithoutFillTheForm/Page_STORE/a_Sony vaio i5")): Object: 'Object Repository/PurchaseWithoutFillTheForm/Page_STORE/a_Sony vaio i5' is clicked on

21-08-2024T22:57:07 - [MESSAGE][PASSED] - Object: 'Object Repository/PurchaseWithoutFillTheForm/Page_STORE/a_Sony vaio i5' is clicked on

21-08-2024T22:57:07 - [TEST_STEP][PASSED] - click(findTestObject("Object Repository/PurchaseWithoutFillTheForm/Page_STORE/a_Add to cart")): Object: 'Object Repository/PurchaseWithoutFillTheForm/Page_STORE/a_Add to cart' is clicked on

21-08-2024T22:57:08 - [MESSAGE][PASSED] - Object: 'Object Repository/PurchaseWithoutFillTheForm/Page_STORE/a_Add to cart' is clicked on

21-08-2024T22:57:08 - [TEST_STEP][PASSED] - click(findTestObject("Object Repository/PurchaseWithoutFillTheForm/Page_STORE/a_Home (current)")): Object: 'Object Repository/PurchaseWithoutFillTheForm/Page_STORE/a_Home (current)' is clicked on

21-08-2024T22:57:09 - [MESSAGE][PASSED] - Object: 'Object Repository/PurchaseWithoutFillTheForm/Page_STORE/a_Home (current)' is clicked on

21-08-2024T22:57:09 - [TEST_STEP][PASSED] - click(findTestObject("Object Repository/PurchaseWithoutFillTheForm/Page_STORE/button_Next")): Object: 'Object Repository/PurchaseWithoutFillTheForm/Page_STORE/button_Next' is clicked on

21-08-2024T22:57:10 - [MESSAGE][PASSED] - Object: 'Object Repository/PurchaseWithoutFillTheForm/Page_STORE/button_Next' is clicked on

21-08-2024T22:57:10 - [TEST_STEP][PASSED] - click(findTestObject("Object Repository/PurchaseWithoutFillTheForm/Page_STORE/a_Dell i7 8gb")): Object: 'Object Repository/PurchaseWithoutFillTheForm/Page_STORE/a_Dell i7 8gb' is clicked on

21-08-2024T22:57:13 - [MESSAGE][PASSED] - Object: 'Object Repository/PurchaseWithoutFillTheForm/Page_STORE/a_Dell i7 8gb' is clicked on

21-08-2024T22:57:13 - [TEST_STEP][PASSED] - click(findTestObject("Object Repository/PurchaseWithoutFillTheForm/Page_STORE/a_Add to cart")): Object: 'Object Repository/PurchaseWithoutFillTheForm/Page_STORE/a_Add to cart' is clicked on

21-08-2024T22:57:14 - [MESSAGE][PASSED] - Object: 'Object Repository/PurchaseWithoutFillTheForm/Page_STORE/a_Add to cart' is clicked on

21-08-2024T22:57:14 - [TEST_STEP][PASSED] - click(findTestObject("Object Repository/PurchaseWithoutFillTheForm/Page_STORE/a_Cart")): Object: 'Object Repository/PurchaseWithoutFillTheForm/Page_STORE/a_Cart' is clicked on

21-08-2024T22:57:16 - [MESSAGE][PASSED] - Object: 'Object Repository/PurchaseWithoutFillTheForm/Page_STORE/a_Cart' is clicked on

21-08-2024T22:57:16 - [TEST_STEP][PASSED] - click(findTestObject("Object Repository/PurchaseWithoutFillTheForm/Page_STORE/button_Place Order")): Object: 'Object Repository/PurchaseWithoutFillTheForm/Page_STORE/button_Place Order' is clicked on

21-08-2024T22:57:17 - [MESSAGE][PASSED] - Object: 'Object Repository/PurchaseWithoutFillTheForm/Page_STORE/button_Place Order' is clicked on

21-08-2024T22:57:17 - [TEST_STEP][PASSED] - click(findTestObject("Object Repository/PurchaseWithoutFillTheForm/Page_STORE/button_Purchase")): Object: 'Object Repository/PurchaseWithoutFillTheForm/Page_STORE/button_Purchase' is clicked on

21-08-2024T22:57:18 - [MESSAGE][PASSED] - Object: 'Object Repository/PurchaseWithoutFillTheForm/Page_STORE/button_Purchase' is clicked on

21-08-2024T22:57:18 - [TEST_STEP][PASSED] - click(findTestObject("Object Repository/PurchaseWithoutFillTheForm/Page_STORE/button_Close")): Object: 'Object Repository/PurchaseWithoutFillTheForm/Page_STORE/button_Close' is clicked on

21-08-2024T22:57:18 - [MESSAGE][PASSED] - Object: 'Object Repository/PurchaseWithoutFillTheForm/Page_STORE/button_Close' is clicked on

21-08-2024T22:57:18 - [TEST_STEP][PASSED] - closeBrowser(): Browser is closed

21-08-2024T22:57:18 - [MESSAGE][PASSED] - Browser is closed]]></system-out>
         <system-err><![CDATA[]]></system-err>
      </testcase>
      <system-out><![CDATA[21-08-2024T22:55:00 - [TEST_SUITE][PASSED] - PurchasedItems: Test Cases/PurchaseItemsWithoutFillTheForm]]></system-out>
      <system-err><![CDATA[]]></system-err>
   </testsuite>
</testsuites>
