<?xml version="1.0" encoding="UTF-8"?>
<testsuites name="Totalprice" time="25.404" tests="1" failures="0" errors="0">
   <testsuite name="Totalprice" tests="1" failures="0" errors="0" time="25.404" skipped="0" timestamp="21-08-2024T05:09:41" hostname="aotir - host.docker.internal" id="Test Suites/Totalprice">
      <properties>
         <property name="deviceName" value=""/>
         <property name="devicePlatform"/>
         <property name="logFolder" value="C:\\Users\\aotir\\git\\demoBlaze\\Reports\\20240821_050936\\Totalprice\\20240821_050937"/>
         <property name="logFiles" value="C:\\Users\\aotir\\git\\demoBlaze\\Reports\\20240821_050936\\Totalprice\\20240821_050937\\execution0.log"/>
         <property name="attachments" value=""/>
         <property name="hostName" value="aotir - host.docker.internal"/>
         <property name="os" value="Windows 11 64bit"/>
         <property name="katalonVersion" value="9.5.0.217"/>
         <property name="browser" value="Chrome 127.0.0.0"/>
         <property name="hostAddress" value="192.168.1.150"/>
         <property name="sessionId" value="598ac24bb031344a5557416ce619a3eb"/>
         <property name="seleniumVersion" value="3.141.59"/>
         <property name="proxyInformation" value="ProxyInformation { proxyOption=NO_PROXY, proxyServerType=HTTP, username=, password=********, proxyServerAddress=, proxyServerPort=0, executionList=&quot;&quot;, isApplyToDesiredCapabilities=true }"/>
         <property name="platform" value="Windows 11"/>
      </properties>
      <testcase name="Test Cases/TotalPrice" time="25.223" classname="Test Cases/TotalPrice" status="PASSED">
         <system-out><![CDATA[21-08-2024T05:09:41 - [TEST_CASE][PASSED] - Test Cases/TotalPrice: Test Cases/TotalPrice

21-08-2024T05:09:42 - [TEST_STEP][PASSED] - data = findTestData("LoginData/LoginData"): null

21-08-2024T05:09:42 - [TEST_STEP][PASSED] - index = 2: null

21-08-2024T05:09:42 - [TEST_STEP][PASSED] - userName = data.getValue("userName", index): null

21-08-2024T05:09:42 - [TEST_STEP][PASSED] - Password = data.getValue("Password", index): null

21-08-2024T05:09:42 - [TEST_STEP][PASSED] - openBrowser(""): Browser is opened with url: ''

21-08-2024T05:09:43 - [MESSAGE][INFO] - Starting 'Chrome' driver

21-08-2024T05:09:43 - [MESSAGE][INFO] - Action delay is set to 0 milliseconds

21-08-2024T05:09:44 - [MESSAGE][PASSED] - Browser is opened with url: ''

21-08-2024T05:09:44 - [TEST_STEP][PASSED] - navigateToUrl("https://www.demoblaze.com/"): Navigate to 'https://www.demoblaze.com/' successfully

21-08-2024T05:09:46 - [MESSAGE][PASSED] - Navigate to 'https://www.demoblaze.com/' successfully

21-08-2024T05:09:46 - [TEST_STEP][PASSED] - click(findTestObject("Object Repository/Total price/Page_STORE/a_Log in")): Object: 'Object Repository/Total price/Page_STORE/a_Log in' is clicked on

21-08-2024T05:09:47 - [MESSAGE][PASSED] - Object: 'Object Repository/Total price/Page_STORE/a_Log in' is clicked on

21-08-2024T05:09:47 - [TEST_STEP][PASSED] - setText(findTestObject("Object Repository/Total price/Page_STORE/input_Username_loginusername"), userName): Text 'snehassaot' is set on object 'Object Repository/Total price/Page_STORE/input_Username_loginusername'

21-08-2024T05:09:48 - [MESSAGE][PASSED] - Text 'snehassaot' is set on object 'Object Repository/Total price/Page_STORE/input_Username_loginusername'

21-08-2024T05:09:48 - [TEST_STEP][PASSED] - setText(findTestObject("Object Repository/Total price/Page_STORE/input_Password_loginpassword"), Password): Text '12345' is set on object 'Object Repository/Total price/Page_STORE/input_Password_loginpassword'

21-08-2024T05:09:49 - [MESSAGE][PASSED] - Text '12345' is set on object 'Object Repository/Total price/Page_STORE/input_Password_loginpassword'

21-08-2024T05:09:49 - [TEST_STEP][PASSED] - click(findTestObject("Object Repository/Total price/Page_STORE/button_Log in")): Object: 'Object Repository/Total price/Page_STORE/button_Log in' is clicked on

21-08-2024T05:09:49 - [MESSAGE][PASSED] - Object: 'Object Repository/Total price/Page_STORE/button_Log in' is clicked on

21-08-2024T05:09:49 - [TEST_STEP][PASSED] - orgnlPrice1 = getText(findTestObject("Object Repository/Total price/Page_STORE/h5_700")): Text of object 'Object Repository/Total price/Page_STORE/h5_700' is: '$700'

21-08-2024T05:09:51 - [MESSAGE][PASSED] - Text of object 'Object Repository/Total price/Page_STORE/h5_700' is: '$700'

21-08-2024T05:09:51 - [TEST_STEP][PASSED] - orgnlPrice2 = getText(findTestObject("Object Repository/Total price/Page_STORE/h5_790")): Text of object 'Object Repository/Total price/Page_STORE/h5_790' is: '$790'

21-08-2024T05:09:51 - [MESSAGE][PASSED] - Text of object 'Object Repository/Total price/Page_STORE/h5_790' is: '$790'

21-08-2024T05:09:51 - [TEST_STEP][PASSED] - click(findTestObject("Object Repository/Total price/Page_STORE/a_HTC One M9")): Object: 'Object Repository/Total price/Page_STORE/a_HTC One M9' is clicked on

21-08-2024T05:09:52 - [MESSAGE][PASSED] - Object: 'Object Repository/Total price/Page_STORE/a_HTC One M9' is clicked on

21-08-2024T05:09:52 - [TEST_STEP][PASSED] - click(findTestObject("Object Repository/Total price/Page_STORE/a_Add to cart")): Object: 'Object Repository/Total price/Page_STORE/a_Add to cart' is clicked on

21-08-2024T05:09:54 - [MESSAGE][PASSED] - Object: 'Object Repository/Total price/Page_STORE/a_Add to cart' is clicked on

21-08-2024T05:09:54 - [TEST_STEP][PASSED] - click(findTestObject("Object Repository/Total price/Page_STORE/a_Home (current)")): Object: 'Object Repository/Total price/Page_STORE/a_Home (current)' is clicked on

21-08-2024T05:09:55 - [MESSAGE][PASSED] - Object: 'Object Repository/Total price/Page_STORE/a_Home (current)' is clicked on

21-08-2024T05:09:55 - [TEST_STEP][PASSED] - click(findTestObject("Object Repository/Total price/Page_STORE/a_Sony vaio i5")): Object: 'Object Repository/Total price/Page_STORE/a_Sony vaio i5' is clicked on

21-08-2024T05:09:56 - [MESSAGE][PASSED] - Object: 'Object Repository/Total price/Page_STORE/a_Sony vaio i5' is clicked on

21-08-2024T05:09:56 - [TEST_STEP][PASSED] - click(findTestObject("Object Repository/Total price/Page_STORE/a_Add to cart")): Object: 'Object Repository/Total price/Page_STORE/a_Add to cart' is clicked on

21-08-2024T05:09:58 - [MESSAGE][PASSED] - Object: 'Object Repository/Total price/Page_STORE/a_Add to cart' is clicked on

21-08-2024T05:09:58 - [TEST_STEP][PASSED] - click(findTestObject("Object Repository/Total price/Page_STORE/a_Home (current)")): Object: 'Object Repository/Total price/Page_STORE/a_Home (current)' is clicked on

21-08-2024T05:09:58 - [MESSAGE][PASSED] - Object: 'Object Repository/Total price/Page_STORE/a_Home (current)' is clicked on

21-08-2024T05:09:58 - [TEST_STEP][PASSED] - click(findTestObject("Object Repository/Total price/Page_STORE/button_Next")): Object: 'Object Repository/Total price/Page_STORE/button_Next' is clicked on

21-08-2024T05:09:59 - [MESSAGE][PASSED] - Object: 'Object Repository/Total price/Page_STORE/button_Next' is clicked on

21-08-2024T05:09:59 - [TEST_STEP][PASSED] - click(findTestObject("Object Repository/Total price/Page_STORE/a_Dell i7 8gb")): Object: 'Object Repository/Total price/Page_STORE/a_Dell i7 8gb' is clicked on

21-08-2024T05:10:01 - [MESSAGE][PASSED] - Object: 'Object Repository/Total price/Page_STORE/a_Dell i7 8gb' is clicked on

21-08-2024T05:10:01 - [TEST_STEP][PASSED] - click(findTestObject("Object Repository/Total price/Page_STORE/a_Add to cart")): Object: 'Object Repository/Total price/Page_STORE/a_Add to cart' is clicked on

21-08-2024T05:10:02 - [MESSAGE][PASSED] - Object: 'Object Repository/Total price/Page_STORE/a_Add to cart' is clicked on

21-08-2024T05:10:02 - [TEST_STEP][PASSED] - click(findTestObject("Object Repository/Total price/Page_STORE/a_Cart")): Object: 'Object Repository/Total price/Page_STORE/a_Cart' is clicked on

21-08-2024T05:10:04 - [MESSAGE][PASSED] - Object: 'Object Repository/Total price/Page_STORE/a_Cart' is clicked on

21-08-2024T05:10:04 - [TEST_STEP][PASSED] - priceElements = findWebElements(findTestObject("Object Repository/Total price/Page_STORE/h3_2190"), 5).collect({ -> ... }): Found web elements by test object Object Repository/Total price/Page_STORE/h3_2190

21-08-2024T05:10:06 - [MESSAGE][PASSED] - Found web elements by test object Object Repository/Total price/Page_STORE/h3_2190

21-08-2024T05:10:06 - [TEST_STEP][PASSED] - prices = priceElements.collect({ -> ... }): null

21-08-2024T05:10:06 - [TEST_STEP][PASSED] - totalSum = prices.sum(): null

21-08-2024T05:10:06 - [TEST_STEP][PASSED] - println("Total sum of products:$" + totalSum): null

21-08-2024T05:10:06 - [TEST_STEP][PASSED] - closeBrowser(): Browser is closed

21-08-2024T05:10:07 - [MESSAGE][PASSED] - Browser is closed]]></system-out>
         <system-err><![CDATA[]]></system-err>
      </testcase>
      <system-out><![CDATA[21-08-2024T05:09:41 - [TEST_SUITE][PASSED] - Totalprice: Test Cases/TotalPrice]]></system-out>
      <system-err><![CDATA[]]></system-err>
   </testsuite>
</testsuites>
