<?xml version="1.0" encoding="UTF-8"?>
<testsuites name="Totalprice" time="98.534" tests="1" failures="0" errors="0">
   <testsuite name="Totalprice" tests="1" failures="0" errors="0" time="98.534" skipped="0" timestamp="21-08-2024T22:54:13" hostname="aotir - DESKTOP-P1HQTDN" id="Test Suites/Totalprice">
      <properties>
         <property name="deviceName" value=""/>
         <property name="devicePlatform"/>
         <property name="logFolder" value="C:\\Users\\aotir\\git\\demoBlaze\\Reports\\20240821_225347\\Totalprice\\20240821_225354"/>
         <property name="logFiles" value="C:\\Users\\aotir\\git\\demoBlaze\\Reports\\20240821_225347\\Totalprice\\20240821_225354\\execution0.log"/>
         <property name="attachments" value=""/>
         <property name="hostName" value="aotir - DESKTOP-P1HQTDN"/>
         <property name="os" value="Windows 11 64bit"/>
         <property name="katalonVersion" value="9.5.0.217"/>
         <property name="browser" value="Chrome 127.0.0.0"/>
         <property name="hostAddress" value="192.168.5.2"/>
         <property name="sessionId" value="4513698c6c8e6bbab4a5367645cfb9d0"/>
         <property name="seleniumVersion" value="3.141.59"/>
         <property name="proxyInformation" value="ProxyInformation { proxyOption=NO_PROXY, proxyServerType=HTTP, username=, password=********, proxyServerAddress=, proxyServerPort=0, executionList=&quot;&quot;, isApplyToDesiredCapabilities=true }"/>
         <property name="platform" value="Windows 11"/>
      </properties>
      <testcase name="Test Cases/TotalPrice" time="96.868" classname="Test Cases/TotalPrice" status="PASSED">
         <system-out><![CDATA[21-08-2024T22:54:15 - [TEST_CASE][PASSED] - Test Cases/TotalPrice: Test Cases/TotalPrice

21-08-2024T22:54:18 - [TEST_STEP][PASSED] - openBrowser(""): Browser is opened with url: ''

21-08-2024T22:54:20 - [MESSAGE][INFO] - Starting 'Chrome' driver

21-08-2024T22:54:20 - [MESSAGE][INFO] - Action delay is set to 0 milliseconds

21-08-2024T22:54:38 - [MESSAGE][PASSED] - Browser is opened with url: ''

21-08-2024T22:54:38 - [TEST_STEP][PASSED] - navigateToUrl("https://www.demoblaze.com/"): Navigate to 'https://www.demoblaze.com/' successfully

21-08-2024T22:54:41 - [MESSAGE][PASSED] - Navigate to 'https://www.demoblaze.com/' successfully

21-08-2024T22:54:41 - [TEST_STEP][PASSED] - click(findTestObject("Object Repository/Total price/Page_STORE/a_Cart")): Object: 'Object Repository/Total price/Page_STORE/a_Cart' is clicked on

21-08-2024T22:54:48 - [MESSAGE][PASSED] - Object: 'Object Repository/Total price/Page_STORE/a_Cart' is clicked on

21-08-2024T22:54:48 - [TEST_STEP][PASSED] - deleteButtons = findWebElements(findTestObject("Object Repository/Total price/Page_STORE/a_Delete"), 5): Found web elements by test object Object Repository/Total price/Page_STORE/a_Delete

21-08-2024T22:54:56 - [MESSAGE][INFO] - Unable to find the element located by 'By.xpath: //*[@id="tbodyid"]/tr[1]/td[4]/a'. Please recheck the objects properties to make sure the desired element is located. 

21-08-2024T22:54:56 - [MESSAGE][PASSED] - Found web elements by test object Object Repository/Total price/Page_STORE/a_Delete

21-08-2024T22:54:56 - [TEST_STEP][PASSED] - deleteButtons.each({ java.lang.Object button -> ... }): null

21-08-2024T22:54:56 - [TEST_STEP][PASSED] - click(findTestObject("Object Repository/Total price/Page_STORE/a_Home (current)")): Object: 'Object Repository/Total price/Page_STORE/a_Home (current)' is clicked on

21-08-2024T22:55:01 - [MESSAGE][PASSED] - Object: 'Object Repository/Total price/Page_STORE/a_Home (current)' is clicked on

21-08-2024T22:55:01 - [TEST_STEP][PASSED] - click(findTestObject("Object Repository/Total price/Page_STORE/a_HTC One M9")): Object: 'Object Repository/Total price/Page_STORE/a_HTC One M9' is clicked on

21-08-2024T22:55:09 - [MESSAGE][PASSED] - Object: 'Object Repository/Total price/Page_STORE/a_HTC One M9' is clicked on

21-08-2024T22:55:09 - [TEST_STEP][PASSED] - click(findTestObject("Object Repository/Total price/Page_STORE/a_Add to cart")): Object: 'Object Repository/Total price/Page_STORE/a_Add to cart' is clicked on

21-08-2024T22:55:13 - [MESSAGE][PASSED] - Object: 'Object Repository/Total price/Page_STORE/a_Add to cart' is clicked on

21-08-2024T22:55:13 - [TEST_STEP][PASSED] - click(findTestObject("Object Repository/Total price/Page_STORE/a_Home (current)")): Object: 'Object Repository/Total price/Page_STORE/a_Home (current)' is clicked on

21-08-2024T22:55:16 - [MESSAGE][PASSED] - Object: 'Object Repository/Total price/Page_STORE/a_Home (current)' is clicked on

21-08-2024T22:55:16 - [TEST_STEP][PASSED] - click(findTestObject("Object Repository/Total price/Page_STORE/a_Sony vaio i5")): Object: 'Object Repository/Total price/Page_STORE/a_Sony vaio i5' is clicked on

21-08-2024T22:55:24 - [MESSAGE][PASSED] - Object: 'Object Repository/Total price/Page_STORE/a_Sony vaio i5' is clicked on

21-08-2024T22:55:24 - [TEST_STEP][PASSED] - click(findTestObject("Object Repository/Total price/Page_STORE/a_Add to cart")): Object: 'Object Repository/Total price/Page_STORE/a_Add to cart' is clicked on

21-08-2024T22:55:27 - [MESSAGE][PASSED] - Object: 'Object Repository/Total price/Page_STORE/a_Add to cart' is clicked on

21-08-2024T22:55:27 - [TEST_STEP][PASSED] - click(findTestObject("Object Repository/Total price/Page_STORE/a_Home (current)")): Object: 'Object Repository/Total price/Page_STORE/a_Home (current)' is clicked on

21-08-2024T22:55:30 - [MESSAGE][PASSED] - Object: 'Object Repository/Total price/Page_STORE/a_Home (current)' is clicked on

21-08-2024T22:55:30 - [TEST_STEP][PASSED] - click(findTestObject("Object Repository/Total price/Page_STORE/button_Next")): Object: 'Object Repository/Total price/Page_STORE/button_Next' is clicked on

21-08-2024T22:55:32 - [MESSAGE][PASSED] - Object: 'Object Repository/Total price/Page_STORE/button_Next' is clicked on

21-08-2024T22:55:32 - [TEST_STEP][PASSED] - click(findTestObject("Object Repository/Total price/Page_STORE/a_Dell i7 8gb")): Object: 'Object Repository/Total price/Page_STORE/a_Dell i7 8gb' is clicked on

21-08-2024T22:55:38 - [MESSAGE][PASSED] - Object: 'Object Repository/Total price/Page_STORE/a_Dell i7 8gb' is clicked on

21-08-2024T22:55:38 - [TEST_STEP][PASSED] - click(findTestObject("Object Repository/Total price/Page_STORE/a_Add to cart")): Object: 'Object Repository/Total price/Page_STORE/a_Add to cart' is clicked on

21-08-2024T22:55:40 - [MESSAGE][PASSED] - Object: 'Object Repository/Total price/Page_STORE/a_Add to cart' is clicked on

21-08-2024T22:55:40 - [TEST_STEP][PASSED] - click(findTestObject("Object Repository/Total price/Page_STORE/a_Cart")): Object: 'Object Repository/Total price/Page_STORE/a_Cart' is clicked on

21-08-2024T22:55:45 - [MESSAGE][PASSED] - Object: 'Object Repository/Total price/Page_STORE/a_Cart' is clicked on

21-08-2024T22:55:45 - [TEST_STEP][PASSED] - priceElements = findWebElements(findTestObject("Object Repository/Total price/Page_STORE/h3_2190"), 5).collect({ -> ... }): Found web elements by test object Object Repository/Total price/Page_STORE/h3_2190

21-08-2024T22:55:48 - [MESSAGE][PASSED] - Found web elements by test object Object Repository/Total price/Page_STORE/h3_2190

21-08-2024T22:55:48 - [TEST_STEP][PASSED] - prices = priceElements.collect({ -> ... }): null

21-08-2024T22:55:48 - [TEST_STEP][PASSED] - totalSum = prices.sum(): null

21-08-2024T22:55:48 - [TEST_STEP][PASSED] - println("Total sum of selected products:$" + totalSum): null

21-08-2024T22:55:48 - [TEST_STEP][PASSED] - closeBrowser(): Browser is closed

21-08-2024T22:55:52 - [MESSAGE][PASSED] - Browser is closed]]></system-out>
         <system-err><![CDATA[]]></system-err>
      </testcase>
      <system-out><![CDATA[21-08-2024T22:54:13 - [TEST_SUITE][PASSED] - Totalprice: Test Cases/TotalPrice]]></system-out>
      <system-err><![CDATA[]]></system-err>
   </testsuite>
</testsuites>
