<?xml version="1.0" encoding="UTF-8"?>
<testsuites name="Totalprice" time="47.501" tests="1" failures="0" errors="0">
   <testsuite name="Totalprice" tests="1" failures="0" errors="0" time="47.501" skipped="0" timestamp="21-08-2024T22:58:12" hostname="aotir - DESKTOP-P1HQTDN" id="Test Suites/Totalprice">
      <properties>
         <property name="deviceName" value=""/>
         <property name="devicePlatform"/>
         <property name="logFolder" value="C:\\Users\\aotir\\git\\demoBlaze\\Reports\\20240821_225744\\Totalprice\\20240821_225751"/>
         <property name="logFiles" value="C:\\Users\\aotir\\git\\demoBlaze\\Reports\\20240821_225744\\Totalprice\\20240821_225751\\execution0.log"/>
         <property name="attachments" value=""/>
         <property name="hostName" value="aotir - DESKTOP-P1HQTDN"/>
         <property name="os" value="Windows 11 64bit"/>
         <property name="katalonVersion" value="9.5.0.217"/>
         <property name="browser" value="Chrome 127.0.0.0"/>
         <property name="hostAddress" value="192.168.5.2"/>
         <property name="sessionId" value="82e7869272d09168051a498415e8fc0e"/>
         <property name="seleniumVersion" value="3.141.59"/>
         <property name="proxyInformation" value="ProxyInformation { proxyOption=NO_PROXY, proxyServerType=HTTP, username=, password=********, proxyServerAddress=, proxyServerPort=0, executionList=&quot;&quot;, isApplyToDesiredCapabilities=true }"/>
         <property name="platform" value="Windows 11"/>
      </properties>
      <testcase name="Test Cases/TotalPrice" time="46.582" classname="Test Cases/TotalPrice" status="PASSED">
         <system-out><![CDATA[21-08-2024T22:58:13 - [TEST_CASE][PASSED] - Test Cases/TotalPrice: Test Cases/TotalPrice

21-08-2024T22:58:16 - [TEST_STEP][PASSED] - openBrowser(""): Browser is opened with url: ''

21-08-2024T22:58:17 - [MESSAGE][INFO] - Starting 'Chrome' driver

21-08-2024T22:58:18 - [MESSAGE][INFO] - Action delay is set to 0 milliseconds

21-08-2024T22:58:25 - [MESSAGE][PASSED] - Browser is opened with url: ''

21-08-2024T22:58:25 - [TEST_STEP][PASSED] - navigateToUrl("https://www.demoblaze.com/"): Navigate to 'https://www.demoblaze.com/' successfully

21-08-2024T22:58:29 - [MESSAGE][PASSED] - Navigate to 'https://www.demoblaze.com/' successfully

21-08-2024T22:58:29 - [TEST_STEP][PASSED] - click(findTestObject("Object Repository/Total price/Page_STORE/a_Cart")): Object: 'Object Repository/Total price/Page_STORE/a_Cart' is clicked on

21-08-2024T22:58:32 - [MESSAGE][PASSED] - Object: 'Object Repository/Total price/Page_STORE/a_Cart' is clicked on

21-08-2024T22:58:32 - [TEST_STEP][PASSED] - deleteButtons = findWebElements(findTestObject("Object Repository/Total price/Page_STORE/a_Delete"), 5): Found web elements by test object Object Repository/Total price/Page_STORE/a_Delete

21-08-2024T22:58:39 - [MESSAGE][INFO] - Unable to find the element located by 'By.xpath: //*[@id="tbodyid"]/tr[1]/td[4]/a'. Please recheck the objects properties to make sure the desired element is located. 

21-08-2024T22:58:39 - [MESSAGE][PASSED] - Found web elements by test object Object Repository/Total price/Page_STORE/a_Delete

21-08-2024T22:58:39 - [TEST_STEP][PASSED] - deleteButtons.each({ java.lang.Object button -> ... }): null

21-08-2024T22:58:39 - [TEST_STEP][PASSED] - click(findTestObject("Object Repository/Total price/Page_STORE/a_Home (current)")): Object: 'Object Repository/Total price/Page_STORE/a_Home (current)' is clicked on

21-08-2024T22:58:40 - [MESSAGE][PASSED] - Object: 'Object Repository/Total price/Page_STORE/a_Home (current)' is clicked on

21-08-2024T22:58:40 - [TEST_STEP][PASSED] - click(findTestObject("Object Repository/Total price/Page_STORE/a_HTC One M9")): Object: 'Object Repository/Total price/Page_STORE/a_HTC One M9' is clicked on

21-08-2024T22:58:43 - [MESSAGE][PASSED] - Object: 'Object Repository/Total price/Page_STORE/a_HTC One M9' is clicked on

21-08-2024T22:58:43 - [TEST_STEP][PASSED] - click(findTestObject("Object Repository/Total price/Page_STORE/a_Add to cart")): Object: 'Object Repository/Total price/Page_STORE/a_Add to cart' is clicked on

21-08-2024T22:58:44 - [MESSAGE][PASSED] - Object: 'Object Repository/Total price/Page_STORE/a_Add to cart' is clicked on

21-08-2024T22:58:44 - [TEST_STEP][PASSED] - click(findTestObject("Object Repository/Total price/Page_STORE/a_Home (current)")): Object: 'Object Repository/Total price/Page_STORE/a_Home (current)' is clicked on

21-08-2024T22:58:46 - [MESSAGE][PASSED] - Object: 'Object Repository/Total price/Page_STORE/a_Home (current)' is clicked on

21-08-2024T22:58:46 - [TEST_STEP][PASSED] - click(findTestObject("Object Repository/Total price/Page_STORE/a_Sony vaio i5")): Object: 'Object Repository/Total price/Page_STORE/a_Sony vaio i5' is clicked on

21-08-2024T22:58:48 - [MESSAGE][PASSED] - Object: 'Object Repository/Total price/Page_STORE/a_Sony vaio i5' is clicked on

21-08-2024T22:58:48 - [TEST_STEP][PASSED] - click(findTestObject("Object Repository/Total price/Page_STORE/a_Add to cart")): Object: 'Object Repository/Total price/Page_STORE/a_Add to cart' is clicked on

21-08-2024T22:58:49 - [MESSAGE][PASSED] - Object: 'Object Repository/Total price/Page_STORE/a_Add to cart' is clicked on

21-08-2024T22:58:49 - [TEST_STEP][PASSED] - click(findTestObject("Object Repository/Total price/Page_STORE/a_Home (current)")): Object: 'Object Repository/Total price/Page_STORE/a_Home (current)' is clicked on

21-08-2024T22:58:50 - [MESSAGE][PASSED] - Object: 'Object Repository/Total price/Page_STORE/a_Home (current)' is clicked on

21-08-2024T22:58:50 - [TEST_STEP][PASSED] - click(findTestObject("Object Repository/Total price/Page_STORE/button_Next")): Object: 'Object Repository/Total price/Page_STORE/button_Next' is clicked on

21-08-2024T22:58:52 - [MESSAGE][PASSED] - Object: 'Object Repository/Total price/Page_STORE/button_Next' is clicked on

21-08-2024T22:58:52 - [TEST_STEP][PASSED] - click(findTestObject("Object Repository/Total price/Page_STORE/a_Dell i7 8gb")): Object: 'Object Repository/Total price/Page_STORE/a_Dell i7 8gb' is clicked on

21-08-2024T22:58:55 - [MESSAGE][PASSED] - Object: 'Object Repository/Total price/Page_STORE/a_Dell i7 8gb' is clicked on

21-08-2024T22:58:55 - [TEST_STEP][PASSED] - click(findTestObject("Object Repository/Total price/Page_STORE/a_Add to cart")): Object: 'Object Repository/Total price/Page_STORE/a_Add to cart' is clicked on

21-08-2024T22:58:56 - [MESSAGE][PASSED] - Object: 'Object Repository/Total price/Page_STORE/a_Add to cart' is clicked on

21-08-2024T22:58:56 - [TEST_STEP][PASSED] - click(findTestObject("Object Repository/Total price/Page_STORE/a_Cart")): Object: 'Object Repository/Total price/Page_STORE/a_Cart' is clicked on

21-08-2024T22:58:57 - [MESSAGE][PASSED] - Object: 'Object Repository/Total price/Page_STORE/a_Cart' is clicked on

21-08-2024T22:58:58 - [TEST_STEP][PASSED] - priceElements = findWebElements(findTestObject("Object Repository/Total price/Page_STORE/h3_2190"), 5).collect({ -> ... }): Found web elements by test object Object Repository/Total price/Page_STORE/h3_2190

21-08-2024T22:58:59 - [MESSAGE][PASSED] - Found web elements by test object Object Repository/Total price/Page_STORE/h3_2190

21-08-2024T22:58:59 - [TEST_STEP][PASSED] - prices = priceElements.collect({ -> ... }): null

21-08-2024T22:58:59 - [TEST_STEP][PASSED] - totalSum = prices.sum(): null

21-08-2024T22:58:59 - [TEST_STEP][PASSED] - println("Total sum of selected products:$" + totalSum): null

21-08-2024T22:58:59 - [TEST_STEP][PASSED] - closeBrowser(): Browser is closed

21-08-2024T22:59:00 - [MESSAGE][PASSED] - Browser is closed]]></system-out>
         <system-err><![CDATA[]]></system-err>
      </testcase>
      <system-out><![CDATA[21-08-2024T22:58:12 - [TEST_SUITE][PASSED] - Totalprice: Test Cases/TotalPrice]]></system-out>
      <system-err><![CDATA[]]></system-err>
   </testsuite>
</testsuites>
