<?xml version="1.0" encoding="UTF-8"?>
<testsuites name="ForLogin" time="75.353" tests="2" failures="0" errors="0">
   <testsuite name="ForLogin" tests="2" failures="0" errors="0" time="75.353" skipped="0" timestamp="21-08-2024T23:42:03" hostname="aotir - DESKTOP-P1HQTDN" id="Test Suites/ForLogin">
      <properties>
         <property name="deviceName" value=""/>
         <property name="devicePlatform"/>
         <property name="logFolder" value="C:\\Users\\aotir\\git\\demoBlaze\\Reports\\20240821_234137\\ForLogin\\20240821_234138"/>
         <property name="logFiles" value="C:\\Users\\aotir\\git\\demoBlaze\\Reports\\20240821_234137\\ForLogin\\20240821_234138\\execution0.log"/>
         <property name="attachments" value=""/>
         <property name="hostName" value="aotir - DESKTOP-P1HQTDN"/>
         <property name="os" value="Windows 11 64bit"/>
         <property name="katalonVersion" value="9.5.0.217"/>
         <property name="browser" value="Chrome 127.0.0.0"/>
         <property name="hostAddress" value="192.168.5.2"/>
         <property name="sessionId" value="b78c232ae1cb6dad8caaa95e2625f7dd"/>
         <property name="seleniumVersion" value="3.141.59"/>
         <property name="proxyInformation" value="ProxyInformation { proxyOption=NO_PROXY, proxyServerType=HTTP, username=, password=********, proxyServerAddress=, proxyServerPort=0, executionList=&quot;&quot;, isApplyToDesiredCapabilities=true }"/>
         <property name="platform" value="Windows 11"/>
      </properties>
      <testcase name="Test Cases/LoginCaseCheckOneColumn" time="35.343" classname="Test Cases/LoginCaseCheckOneColumn" status="PASSED">
         <system-out><![CDATA[21-08-2024T23:42:04 - [TEST_CASE][PASSED] - Test Cases/LoginCaseCheckOneColumn: Test Cases/LoginCaseCheckOneColumn

21-08-2024T23:42:05 - [TEST_STEP][PASSED] - data = findTestData("Data Files/LoginData/LoginData"): null

21-08-2024T23:42:09 - [TEST_STEP][PASSED] - index = 2: null

21-08-2024T23:42:09 - [TEST_STEP][PASSED] - userName = data.getValue("userName", index): null

21-08-2024T23:42:09 - [TEST_STEP][PASSED] - Password = data.getValue("Password", index): null

21-08-2024T23:42:09 - [TEST_STEP][PASSED] - openBrowser(""): Browser is opened with url: ''

21-08-2024T23:42:11 - [MESSAGE][INFO] - Starting 'Chrome' driver

21-08-2024T23:42:12 - [MESSAGE][INFO] - Action delay is set to 0 milliseconds

21-08-2024T23:42:17 - [MESSAGE][PASSED] - Browser is opened with url: ''

21-08-2024T23:42:17 - [TEST_STEP][PASSED] - navigateToUrl("https://www.demoblaze.com/"): Navigate to 'https://www.demoblaze.com/' successfully

21-08-2024T23:42:22 - [MESSAGE][PASSED] - Navigate to 'https://www.demoblaze.com/' successfully

21-08-2024T23:42:22 - [TEST_STEP][PASSED] - click(findTestObject("Object Repository/CheckOneColumn/Page_STORE/a_Log in")): Object: 'Object Repository/CheckOneColumn/Page_STORE/a_Log in' is clicked on

21-08-2024T23:42:26 - [MESSAGE][PASSED] - Object: 'Object Repository/CheckOneColumn/Page_STORE/a_Log in' is clicked on

21-08-2024T23:42:26 - [TEST_STEP][PASSED] - setText(findTestObject("Object Repository/CheckOneColumn/Page_STORE/input_Username_loginusername"), userName): Text 'snehassaot' is set on object 'Object Repository/CheckOneColumn/Page_STORE/input_Username_loginusername'

21-08-2024T23:42:27 - [MESSAGE][PASSED] - Text 'snehassaot' is set on object 'Object Repository/CheckOneColumn/Page_STORE/input_Username_loginusername'

21-08-2024T23:42:27 - [TEST_STEP][PASSED] - setText(findTestObject("Object Repository/CheckOneColumn/Page_STORE/input_Password_loginpassword"), Password): Text '12345' is set on object 'Object Repository/CheckOneColumn/Page_STORE/input_Password_loginpassword'

21-08-2024T23:42:29 - [MESSAGE][PASSED] - Text '12345' is set on object 'Object Repository/CheckOneColumn/Page_STORE/input_Password_loginpassword'

21-08-2024T23:42:29 - [TEST_STEP][PASSED] - click(findTestObject("Object Repository/CheckOneColumn/Page_STORE/button_Log in")): Object: 'Object Repository/CheckOneColumn/Page_STORE/button_Log in' is clicked on

21-08-2024T23:42:29 - [MESSAGE][PASSED] - Object: 'Object Repository/CheckOneColumn/Page_STORE/button_Log in' is clicked on

21-08-2024T23:42:29 - [TEST_STEP][PASSED] - verifyElementPresent(findTestObject("Object Repository/CheckOneColumn/Page_STORE/button_Log in"), 5, OPTIONAL): Object 'Object Repository/CheckOneColumn/Page_STORE/button_Log in' is present

21-08-2024T23:42:39 - [MESSAGE][PASSED] - Object 'Object Repository/CheckOneColumn/Page_STORE/button_Log in' is present

21-08-2024T23:42:39 - [TEST_STEP][PASSED] - closeBrowser(): Browser is closed

21-08-2024T23:42:39 - [MESSAGE][PASSED] - Browser is closed]]></system-out>
         <system-err><![CDATA[]]></system-err>
      </testcase>
      <testcase name="Test Cases/LoginWithoutIfCondition" time="39.099" classname="Test Cases/LoginWithoutIfCondition" status="PASSED">
         <system-out><![CDATA[21-08-2024T23:42:39 - [TEST_CASE][PASSED] - Test Cases/LoginWithoutIfCondition: Test Cases/LoginWithoutIfCondition

21-08-2024T23:42:39 - [TEST_STEP][PASSED] - data = findTestData("Data Files/LoginData/LoginData"): null

21-08-2024T23:42:39 - [TEST_STEP][PASSED] - index = 2: null

21-08-2024T23:42:39 - [TEST_STEP][PASSED] - userName = data.getValue("userName", index): null

21-08-2024T23:42:39 - [TEST_STEP][PASSED] - Password = data.getValue("Password", index): null

21-08-2024T23:42:39 - [TEST_STEP][PASSED] - openBrowser(""): Browser is opened with url: ''

21-08-2024T23:42:39 - [MESSAGE][INFO] - Starting 'Chrome' driver

21-08-2024T23:42:39 - [MESSAGE][INFO] - Action delay is set to 0 milliseconds

21-08-2024T23:42:40 - [MESSAGE][PASSED] - Browser is opened with url: ''

21-08-2024T23:42:40 - [TEST_STEP][PASSED] - navigateToUrl("https://www.demoblaze.com/"): Navigate to 'https://www.demoblaze.com/' successfully

21-08-2024T23:43:11 - [MESSAGE][PASSED] - Navigate to 'https://www.demoblaze.com/' successfully

21-08-2024T23:43:11 - [TEST_STEP][PASSED] - click(findTestObject("Object Repository/CheckOneColumn/Page_STORE/a_Log in")): Object: 'Object Repository/CheckOneColumn/Page_STORE/a_Log in' is clicked on

21-08-2024T23:43:14 - [MESSAGE][PASSED] - Object: 'Object Repository/CheckOneColumn/Page_STORE/a_Log in' is clicked on

21-08-2024T23:43:14 - [TEST_STEP][PASSED] - setText(findTestObject("Object Repository/CheckOneColumn/Page_STORE/input_Username_loginusername"), userName): Text 'snehassaot' is set on object 'Object Repository/CheckOneColumn/Page_STORE/input_Username_loginusername'

21-08-2024T23:43:15 - [MESSAGE][PASSED] - Text 'snehassaot' is set on object 'Object Repository/CheckOneColumn/Page_STORE/input_Username_loginusername'

21-08-2024T23:43:15 - [TEST_STEP][PASSED] - setText(findTestObject("Object Repository/CheckOneColumn/Page_STORE/input_Password_loginpassword"), Password): Text '12345' is set on object 'Object Repository/CheckOneColumn/Page_STORE/input_Password_loginpassword'

21-08-2024T23:43:15 - [MESSAGE][PASSED] - Text '12345' is set on object 'Object Repository/CheckOneColumn/Page_STORE/input_Password_loginpassword'

21-08-2024T23:43:15 - [TEST_STEP][PASSED] - click(findTestObject("Object Repository/CheckOneColumn/Page_STORE/button_Log in")): Object: 'Object Repository/CheckOneColumn/Page_STORE/button_Log in' is clicked on

21-08-2024T23:43:16 - [MESSAGE][PASSED] - Object: 'Object Repository/CheckOneColumn/Page_STORE/button_Log in' is clicked on

21-08-2024T23:43:16 - [TEST_STEP][PASSED] - verifyElementPresent(findTestObject("Object Repository/CheckOneColumn/Page_STORE/a_Log out"), 5, STOP_ON_FAILURE): Object 'Object Repository/CheckOneColumn/Page_STORE/a_Log out' is present

21-08-2024T23:43:18 - [MESSAGE][PASSED] - Object 'Object Repository/CheckOneColumn/Page_STORE/a_Log out' is present

21-08-2024T23:43:18 - [TEST_STEP][PASSED] - closeBrowser(): Browser is closed

21-08-2024T23:43:18 - [MESSAGE][PASSED] - Browser is closed]]></system-out>
         <system-err><![CDATA[]]></system-err>
      </testcase>
      <system-out><![CDATA[21-08-2024T23:42:03 - [TEST_SUITE][PASSED] - ForLogin: Test Cases/LoginWithoutIfCondition]]></system-out>
      <system-err><![CDATA[]]></system-err>
   </testsuite>
</testsuites>
