<?xml version="1.0" encoding="UTF-8"?>
<testsuites name="ForLogin" time="48.769" tests="2" failures="0" errors="0">
   <testsuite name="ForLogin" tests="2" failures="0" errors="0" time="48.769" skipped="0" timestamp="21-08-2024T22:58:10" hostname="aotir - DESKTOP-P1HQTDN" id="Test Suites/ForLogin">
      <properties>
         <property name="deviceName" value=""/>
         <property name="devicePlatform"/>
         <property name="logFolder" value="C:\\Users\\aotir\\git\\demoBlaze\\Reports\\20240821_225744\\ForLogin\\20240821_225745"/>
         <property name="logFiles" value="C:\\Users\\aotir\\git\\demoBlaze\\Reports\\20240821_225744\\ForLogin\\20240821_225745\\execution0.log"/>
         <property name="attachments" value=""/>
         <property name="hostName" value="aotir - DESKTOP-P1HQTDN"/>
         <property name="os" value="Windows 11 64bit"/>
         <property name="katalonVersion" value="9.5.0.217"/>
         <property name="browser" value="Chrome 127.0.0.0"/>
         <property name="hostAddress" value="192.168.5.2"/>
         <property name="sessionId" value="fd5b77d520ccdfbf5c473b608aca7df1"/>
         <property name="seleniumVersion" value="3.141.59"/>
         <property name="proxyInformation" value="ProxyInformation { proxyOption=NO_PROXY, proxyServerType=HTTP, username=, password=********, proxyServerAddress=, proxyServerPort=0, executionList=&quot;&quot;, isApplyToDesiredCapabilities=true }"/>
         <property name="platform" value="Windows 11"/>
      </properties>
      <testcase name="Test Cases/LoginCaseCheckOneColumn" time="27.937" classname="Test Cases/LoginCaseCheckOneColumn" status="PASSED">
         <system-out><![CDATA[21-08-2024T22:58:11 - [TEST_CASE][PASSED] - Test Cases/LoginCaseCheckOneColumn: Test Cases/LoginCaseCheckOneColumn

21-08-2024T22:58:13 - [TEST_STEP][PASSED] - data = findTestData("Data Files/LoginData/LoginData"): null

21-08-2024T22:58:16 - [TEST_STEP][PASSED] - index = 2: null

21-08-2024T22:58:16 - [TEST_STEP][PASSED] - userName = data.getValue("userName", index): null

21-08-2024T22:58:16 - [TEST_STEP][PASSED] - Password = data.getValue("Password", index): null

21-08-2024T22:58:16 - [TEST_STEP][PASSED] - openBrowser(""): Browser is opened with url: ''

21-08-2024T22:58:19 - [MESSAGE][INFO] - Starting 'Chrome' driver

21-08-2024T22:58:19 - [MESSAGE][INFO] - Action delay is set to 0 milliseconds

21-08-2024T22:58:25 - [MESSAGE][PASSED] - Browser is opened with url: ''

21-08-2024T22:58:25 - [TEST_STEP][PASSED] - navigateToUrl("https://www.demoblaze.com/"): Navigate to 'https://www.demoblaze.com/' successfully

21-08-2024T22:58:27 - [MESSAGE][PASSED] - Navigate to 'https://www.demoblaze.com/' successfully

21-08-2024T22:58:27 - [TEST_STEP][PASSED] - click(findTestObject("Object Repository/CheckOneColumn/Page_STORE/a_Log in")): Object: 'Object Repository/CheckOneColumn/Page_STORE/a_Log in' is clicked on

21-08-2024T22:58:30 - [MESSAGE][PASSED] - Object: 'Object Repository/CheckOneColumn/Page_STORE/a_Log in' is clicked on

21-08-2024T22:58:30 - [TEST_STEP][PASSED] - setText(findTestObject("Object Repository/CheckOneColumn/Page_STORE/input_Username_loginusername"), userName): Text 'snehassaot' is set on object 'Object Repository/CheckOneColumn/Page_STORE/input_Username_loginusername'

21-08-2024T22:58:31 - [MESSAGE][PASSED] - Text 'snehassaot' is set on object 'Object Repository/CheckOneColumn/Page_STORE/input_Username_loginusername'

21-08-2024T22:58:31 - [TEST_STEP][PASSED] - setText(findTestObject("Object Repository/CheckOneColumn/Page_STORE/input_Password_loginpassword"), Password): Text '12345' is set on object 'Object Repository/CheckOneColumn/Page_STORE/input_Password_loginpassword'

21-08-2024T22:58:33 - [MESSAGE][PASSED] - Text '12345' is set on object 'Object Repository/CheckOneColumn/Page_STORE/input_Password_loginpassword'

21-08-2024T22:58:33 - [TEST_STEP][PASSED] - click(findTestObject("Object Repository/CheckOneColumn/Page_STORE/button_Log in")): Object: 'Object Repository/CheckOneColumn/Page_STORE/button_Log in' is clicked on

21-08-2024T22:58:34 - [MESSAGE][PASSED] - Object: 'Object Repository/CheckOneColumn/Page_STORE/button_Log in' is clicked on

21-08-2024T22:58:34 - [TEST_STEP][PASSED] - verifyElementPresent(findTestObject("Object Repository/CheckOneColumn/Page_STORE/button_Log in"), 5, OPTIONAL): Object 'Object Repository/CheckOneColumn/Page_STORE/button_Log in' is present

21-08-2024T22:58:36 - [MESSAGE][PASSED] - Object 'Object Repository/CheckOneColumn/Page_STORE/button_Log in' is present

21-08-2024T22:58:36 - [TEST_STEP][PASSED] - closeBrowser(): Browser is closed

21-08-2024T22:58:39 - [MESSAGE][PASSED] - Browser is closed]]></system-out>
         <system-err><![CDATA[]]></system-err>
      </testcase>
      <testcase name="Test Cases/LoginWithoutIfCondition" time="19.851" classname="Test Cases/LoginWithoutIfCondition" status="PASSED">
         <system-out><![CDATA[21-08-2024T22:58:39 - [TEST_CASE][PASSED] - Test Cases/LoginWithoutIfCondition: Test Cases/LoginWithoutIfCondition

21-08-2024T22:58:39 - [TEST_STEP][PASSED] - data = findTestData("Data Files/LoginData/LoginData"): null

21-08-2024T22:58:39 - [TEST_STEP][PASSED] - index = 2: null

21-08-2024T22:58:39 - [TEST_STEP][PASSED] - userName = data.getValue("userName", index): null

21-08-2024T22:58:39 - [TEST_STEP][PASSED] - Password = data.getValue("Password", index): null

21-08-2024T22:58:39 - [TEST_STEP][PASSED] - openBrowser(""): Browser is opened with url: ''

21-08-2024T22:58:39 - [MESSAGE][INFO] - Starting 'Chrome' driver

21-08-2024T22:58:39 - [MESSAGE][INFO] - Action delay is set to 0 milliseconds

21-08-2024T22:58:41 - [MESSAGE][PASSED] - Browser is opened with url: ''

21-08-2024T22:58:41 - [TEST_STEP][PASSED] - navigateToUrl("https://www.demoblaze.com/"): Navigate to 'https://www.demoblaze.com/' successfully

21-08-2024T22:58:45 - [MESSAGE][PASSED] - Navigate to 'https://www.demoblaze.com/' successfully

21-08-2024T22:58:45 - [TEST_STEP][PASSED] - click(findTestObject("Object Repository/CheckOneColumn/Page_STORE/a_Log in")): Object: 'Object Repository/CheckOneColumn/Page_STORE/a_Log in' is clicked on

21-08-2024T22:58:50 - [MESSAGE][PASSED] - Object: 'Object Repository/CheckOneColumn/Page_STORE/a_Log in' is clicked on

21-08-2024T22:58:50 - [TEST_STEP][PASSED] - setText(findTestObject("Object Repository/CheckOneColumn/Page_STORE/input_Username_loginusername"), userName): Text 'snehassaot' is set on object 'Object Repository/CheckOneColumn/Page_STORE/input_Username_loginusername'

21-08-2024T22:58:52 - [MESSAGE][PASSED] - Text 'snehassaot' is set on object 'Object Repository/CheckOneColumn/Page_STORE/input_Username_loginusername'

21-08-2024T22:58:52 - [TEST_STEP][PASSED] - setText(findTestObject("Object Repository/CheckOneColumn/Page_STORE/input_Password_loginpassword"), Password): Text '12345' is set on object 'Object Repository/CheckOneColumn/Page_STORE/input_Password_loginpassword'

21-08-2024T22:58:53 - [MESSAGE][PASSED] - Text '12345' is set on object 'Object Repository/CheckOneColumn/Page_STORE/input_Password_loginpassword'

21-08-2024T22:58:53 - [TEST_STEP][PASSED] - click(findTestObject("Object Repository/CheckOneColumn/Page_STORE/button_Log in")): Object: 'Object Repository/CheckOneColumn/Page_STORE/button_Log in' is clicked on

21-08-2024T22:58:54 - [MESSAGE][PASSED] - Object: 'Object Repository/CheckOneColumn/Page_STORE/button_Log in' is clicked on

21-08-2024T22:58:54 - [TEST_STEP][PASSED] - verifyElementPresent(findTestObject("Object Repository/CheckOneColumn/Page_STORE/a_Log out"), 5, STOP_ON_FAILURE): Object 'Object Repository/CheckOneColumn/Page_STORE/a_Log out' is present

21-08-2024T22:58:58 - [MESSAGE][PASSED] - Object 'Object Repository/CheckOneColumn/Page_STORE/a_Log out' is present

21-08-2024T22:58:58 - [TEST_STEP][PASSED] - closeBrowser(): Browser is closed

21-08-2024T22:58:59 - [MESSAGE][PASSED] - Browser is closed]]></system-out>
         <system-err><![CDATA[]]></system-err>
      </testcase>
      <system-out><![CDATA[21-08-2024T22:58:10 - [TEST_SUITE][PASSED] - ForLogin: Test Cases/LoginWithoutIfCondition]]></system-out>
      <system-err><![CDATA[]]></system-err>
   </testsuite>
</testsuites>
