<?xml version="1.0" encoding="UTF-8"?>
<testsuites name="ForLogin" time="21.899" tests="2" failures="0" errors="0">
   <testsuite name="ForLogin" tests="2" failures="0" errors="0" time="21.899" skipped="0" timestamp="21-08-2024T05:15:32" hostname="aotir - host.docker.internal" id="Test Suites/ForLogin">
      <properties>
         <property name="deviceName" value=""/>
         <property name="devicePlatform"/>
         <property name="logFolder" value="C:\\Users\\aotir\\git\\demoBlaze\\Reports\\20240821_051528\\ForLogin\\20240821_051528"/>
         <property name="logFiles" value="C:\\Users\\aotir\\git\\demoBlaze\\Reports\\20240821_051528\\ForLogin\\20240821_051528\\execution0.log"/>
         <property name="attachments" value=""/>
         <property name="hostName" value="aotir - host.docker.internal"/>
         <property name="os" value="Windows 11 64bit"/>
         <property name="katalonVersion" value="9.5.0.217"/>
         <property name="browser" value="Chrome 127.0.0.0"/>
         <property name="hostAddress" value="192.168.1.150"/>
         <property name="sessionId" value="6417cbe4427d94b8966febafb966df3d"/>
         <property name="seleniumVersion" value="3.141.59"/>
         <property name="proxyInformation" value="ProxyInformation { proxyOption=NO_PROXY, proxyServerType=HTTP, username=, password=********, proxyServerAddress=, proxyServerPort=0, executionList=&quot;&quot;, isApplyToDesiredCapabilities=true }"/>
         <property name="platform" value="Windows 11"/>
      </properties>
      <testcase name="Test Cases/LoginCaseCheckOneColumn" time="13.044" classname="Test Cases/LoginCaseCheckOneColumn" status="PASSED">
         <system-out><![CDATA[21-08-2024T05:15:33 - [TEST_CASE][PASSED] - Test Cases/LoginCaseCheckOneColumn: Test Cases/LoginCaseCheckOneColumn

21-08-2024T05:15:33 - [TEST_STEP][PASSED] - data = findTestData("Data Files/LoginData/LoginData"): null

21-08-2024T05:15:34 - [TEST_STEP][PASSED] - index = 2: null

21-08-2024T05:15:34 - [TEST_STEP][PASSED] - userName = data.getValue("userName", index): null

21-08-2024T05:15:34 - [TEST_STEP][PASSED] - Password = data.getValue("Password", index): null

21-08-2024T05:15:34 - [TEST_STEP][PASSED] - openBrowser(""): Browser is opened with url: ''

21-08-2024T05:15:34 - [MESSAGE][INFO] - Starting 'Chrome' driver

21-08-2024T05:15:34 - [MESSAGE][INFO] - Action delay is set to 0 milliseconds

21-08-2024T05:15:36 - [MESSAGE][PASSED] - Browser is opened with url: ''

21-08-2024T05:15:36 - [TEST_STEP][PASSED] - navigateToUrl("https://www.demoblaze.com/"): Navigate to 'https://www.demoblaze.com/' successfully

21-08-2024T05:15:38 - [MESSAGE][PASSED] - Navigate to 'https://www.demoblaze.com/' successfully

21-08-2024T05:15:38 - [TEST_STEP][PASSED] - click(findTestObject("Object Repository/CheckOneColumn/Page_STORE/a_Log in")): Object: 'Object Repository/CheckOneColumn/Page_STORE/a_Log in' is clicked on

21-08-2024T05:15:40 - [MESSAGE][PASSED] - Object: 'Object Repository/CheckOneColumn/Page_STORE/a_Log in' is clicked on

21-08-2024T05:15:40 - [TEST_STEP][PASSED] - setText(findTestObject("Object Repository/CheckOneColumn/Page_STORE/input_Username_loginusername"), userName): Text 'snehassaot' is set on object 'Object Repository/CheckOneColumn/Page_STORE/input_Username_loginusername'

21-08-2024T05:15:41 - [MESSAGE][PASSED] - Text 'snehassaot' is set on object 'Object Repository/CheckOneColumn/Page_STORE/input_Username_loginusername'

21-08-2024T05:15:41 - [TEST_STEP][PASSED] - setText(findTestObject("Object Repository/CheckOneColumn/Page_STORE/input_Password_loginpassword"), Password): Text '12345' is set on object 'Object Repository/CheckOneColumn/Page_STORE/input_Password_loginpassword'

21-08-2024T05:15:42 - [MESSAGE][PASSED] - Text '12345' is set on object 'Object Repository/CheckOneColumn/Page_STORE/input_Password_loginpassword'

21-08-2024T05:15:42 - [TEST_STEP][PASSED] - click(findTestObject("Object Repository/CheckOneColumn/Page_STORE/button_Log in")): Object: 'Object Repository/CheckOneColumn/Page_STORE/button_Log in' is clicked on

21-08-2024T05:15:42 - [MESSAGE][PASSED] - Object: 'Object Repository/CheckOneColumn/Page_STORE/button_Log in' is clicked on

21-08-2024T05:15:42 - [TEST_STEP][PASSED] - LoginSuccessful = verifyElementPresent(findTestObject("Object Repository/CheckOneColumn/Page_STORE/button_Log in"), 5, OPTIONAL): Object 'Object Repository/CheckOneColumn/Page_STORE/button_Log in' is present

21-08-2024T05:15:45 - [MESSAGE][PASSED] - Object 'Object Repository/CheckOneColumn/Page_STORE/button_Log in' is present

21-08-2024T05:15:45 - [TEST_STEP][PASSED] - if (LoginSuccessful): null

21-08-2024T05:15:45 - [TEST_STEP][PASSED] - click(findTestObject("Object Repository/CheckOneColumn/Page_STORE/a_Log out")): Object: 'Object Repository/CheckOneColumn/Page_STORE/a_Log out' is clicked on

21-08-2024T05:15:45 - [MESSAGE][PASSED] - Object: 'Object Repository/CheckOneColumn/Page_STORE/a_Log out' is clicked on

21-08-2024T05:15:45 - [TEST_STEP][PASSED] - println("Login successful, logged out."): null

21-08-2024T05:15:45 - [TEST_STEP][PASSED] - closeBrowser(): Browser is closed

21-08-2024T05:15:46 - [MESSAGE][PASSED] - Browser is closed]]></system-out>
         <system-err><![CDATA[]]></system-err>
      </testcase>
      <testcase name="Test Cases/LoginWithoutIfCondition" time="8.586" classname="Test Cases/LoginWithoutIfCondition" status="PASSED">
         <system-out><![CDATA[21-08-2024T05:15:46 - [TEST_CASE][PASSED] - Test Cases/LoginWithoutIfCondition: Test Cases/LoginWithoutIfCondition

21-08-2024T05:15:46 - [TEST_STEP][PASSED] - data = findTestData("Data Files/LoginData/LoginData"): null

21-08-2024T05:15:46 - [TEST_STEP][PASSED] - index = 2: null

21-08-2024T05:15:46 - [TEST_STEP][PASSED] - userName = data.getValue("userName", index): null

21-08-2024T05:15:46 - [TEST_STEP][PASSED] - Password = data.getValue("Password", index): null

21-08-2024T05:15:46 - [TEST_STEP][PASSED] - openBrowser(""): Browser is opened with url: ''

21-08-2024T05:15:46 - [MESSAGE][INFO] - Starting 'Chrome' driver

21-08-2024T05:15:46 - [MESSAGE][INFO] - Action delay is set to 0 milliseconds

21-08-2024T05:15:47 - [MESSAGE][PASSED] - Browser is opened with url: ''

21-08-2024T05:15:47 - [TEST_STEP][PASSED] - navigateToUrl("https://www.demoblaze.com/"): Navigate to 'https://www.demoblaze.com/' successfully

21-08-2024T05:15:49 - [MESSAGE][PASSED] - Navigate to 'https://www.demoblaze.com/' successfully

21-08-2024T05:15:49 - [TEST_STEP][PASSED] - click(findTestObject("Object Repository/CheckOneColumn/Page_STORE/a_Log in")): Object: 'Object Repository/CheckOneColumn/Page_STORE/a_Log in' is clicked on

21-08-2024T05:15:50 - [MESSAGE][PASSED] - Object: 'Object Repository/CheckOneColumn/Page_STORE/a_Log in' is clicked on

21-08-2024T05:15:50 - [TEST_STEP][PASSED] - setText(findTestObject("Object Repository/CheckOneColumn/Page_STORE/input_Username_loginusername"), userName): Text 'snehassaot' is set on object 'Object Repository/CheckOneColumn/Page_STORE/input_Username_loginusername'

21-08-2024T05:15:51 - [MESSAGE][PASSED] - Text 'snehassaot' is set on object 'Object Repository/CheckOneColumn/Page_STORE/input_Username_loginusername'

21-08-2024T05:15:51 - [TEST_STEP][PASSED] - setText(findTestObject("Object Repository/CheckOneColumn/Page_STORE/input_Password_loginpassword"), Password): Text '12345' is set on object 'Object Repository/CheckOneColumn/Page_STORE/input_Password_loginpassword'

21-08-2024T05:15:52 - [MESSAGE][PASSED] - Text '12345' is set on object 'Object Repository/CheckOneColumn/Page_STORE/input_Password_loginpassword'

21-08-2024T05:15:52 - [TEST_STEP][PASSED] - click(findTestObject("Object Repository/CheckOneColumn/Page_STORE/button_Log in")): Object: 'Object Repository/CheckOneColumn/Page_STORE/button_Log in' is clicked on

21-08-2024T05:15:52 - [MESSAGE][PASSED] - Object: 'Object Repository/CheckOneColumn/Page_STORE/button_Log in' is clicked on

21-08-2024T05:15:52 - [TEST_STEP][PASSED] - verifyElementPresent(findTestObject("Object Repository/CheckOneColumn/Page_STORE/a_Log out"), 5, STOP_ON_FAILURE): Object 'Object Repository/CheckOneColumn/Page_STORE/a_Log out' is present

21-08-2024T05:15:54 - [MESSAGE][PASSED] - Object 'Object Repository/CheckOneColumn/Page_STORE/a_Log out' is present

21-08-2024T05:15:54 - [TEST_STEP][PASSED] - closeBrowser(): Browser is closed

21-08-2024T05:15:54 - [MESSAGE][PASSED] - Browser is closed]]></system-out>
         <system-err><![CDATA[]]></system-err>
      </testcase>
      <system-out><![CDATA[21-08-2024T05:15:32 - [TEST_SUITE][PASSED] - ForLogin: Test Cases/LoginWithoutIfCondition]]></system-out>
      <system-err><![CDATA[]]></system-err>
   </testsuite>
</testsuites>
